\BOOKMARK [0][-]{chapter*.7}{\376\377\000L\000i\000s\000t\000a\000\040\000d\000e\000\040\000a\000c\000r\000\363\000n\000i\000m\000o\000s}{}% 1
\BOOKMARK [0][-]{chapter.1}{\376\377\000I\000n\000t\000r\000o\000d\000u\000c\000c\000i\000\363\000n}{}% 2
\BOOKMARK [1][-]{section.1.1}{\376\377\000M\000o\000t\000i\000v\000a\000c\000i\000\363\000n}{chapter.1}% 3
\BOOKMARK [1][-]{section.1.2}{\376\377\000P\000l\000a\000n\000t\000e\000a\000m\000i\000e\000n\000t\000o\000\040\000d\000e\000l\000\040\000p\000r\000o\000b\000l\000e\000m\000a\000\040\000y\000\040\000c\000o\000n\000t\000r\000i\000b\000u\000c\000i\000\363\000n\000\040\000d\000e\000l\000\040\000T\000F\000M}{chapter.1}% 4
\BOOKMARK [1][-]{section.1.3}{\376\377\000E\000s\000t\000r\000u\000c\000t\000u\000r\000a\000\040\000d\000e\000l\000\040\000d\000o\000c\000u\000m\000e\000n\000t\000o}{chapter.1}% 5
\BOOKMARK [0][-]{chapter.2}{\376\377\000E\000s\000t\000a\000d\000o\000\040\000d\000e\000l\000\040\000A\000r\000t\000e}{}% 6
\BOOKMARK [1][-]{section.2.1}{\376\377\000L\000a\000\040\000e\000n\000f\000e\000r\000m\000e\000d\000a\000d\000\040\000d\000e\000\040\000A\000l\000z\000h\000e\000i\000m\000e\000r}{chapter.2}% 7
\BOOKMARK [1][-]{section.2.2}{\376\377\000E\000l\000\040\000d\000i\000a\000g\000n\000\363\000s\000t\000i\000c\000o\000\040\000a\000c\000t\000u\000a\000l\000\040\000y\000\040\000s\000u\000s\000\040\000l\000i\000m\000i\000t\000a\000c\000i\000o\000n\000e\000s}{chapter.2}% 8
\BOOKMARK [1][-]{section.2.3}{\376\377\000B\000i\000o\000m\000a\000r\000c\000a\000d\000o\000r\000e\000s\000\040\000p\000l\000a\000s\000m\000\341\000t\000i\000c\000o\000s\000:\000\040\000e\000l\000\040\000e\000s\000t\000a\000d\000o\000\040\000a\000c\000t\000u\000a\000l}{chapter.2}% 9
\BOOKMARK [1][-]{section.2.4}{\376\377\000L\000a\000\040\000m\000e\000t\000a\000b\000o\000l\000\363\000m\000i\000c\000a\000\040\000c\000o\000m\000o\000\040\000v\000e\000n\000t\000a\000n\000a\000\040\000c\000o\000m\000p\000l\000e\000m\000e\000n\000t\000a\000r\000i\000a}{chapter.2}% 10
\BOOKMARK [1][-]{section.2.5}{\376\377\000A\000p\000r\000e\000n\000d\000i\000z\000a\000j\000e\000\040\000a\000u\000t\000o\000m\000\341\000t\000i\000c\000o\000\040\000e\000n\000\040\000e\000l\000\040\000c\000o\000n\000t\000e\000x\000t\000o\000\040\000c\000l\000\355\000n\000i\000c\000o}{chapter.2}% 11
\BOOKMARK [2][-]{subsection.2.5.1}{\376\377\000E\000l\000\040\000p\000r\000o\000b\000l\000e\000m\000a\000\040\000d\000e\000\040\000l\000a\000\040\000d\000i\000m\000e\000n\000s\000i\000o\000n\000a\000l\000i\000d\000a\000d\000\040\000e\000n\000\040\000m\000u\000e\000s\000t\000r\000a\000s\000\040\000p\000e\000q\000u\000e\000\361\000a\000s}{section.2.5}% 12
\BOOKMARK [2][-]{subsection.2.5.2}{\376\377\000S\000e\000l\000e\000c\000c\000i\000\363\000n\000\040\000d\000e\000\040\000v\000a\000r\000i\000a\000b\000l\000e\000s\000:\000\040\000e\000l\000\040\000r\000i\000e\000s\000g\000o\000\040\000d\000e\000\040\000i\000n\000e\000s\000t\000a\000b\000i\000l\000i\000d\000a\000d}{section.2.5}% 13
\BOOKMARK [2][-]{subsection.2.5.3}{\376\377\000R\000e\000g\000u\000l\000a\000r\000i\000z\000a\000c\000i\000\363\000n\000\040\000y\000\040\000p\000a\000r\000s\000i\000m\000o\000n\000i\000a}{section.2.5}% 14
\BOOKMARK [2][-]{subsection.2.5.4}{\376\377\000V\000a\000l\000i\000d\000a\000c\000i\000\363\000n\000\040\000y\000\040\000d\000a\000t\000a\000\040\000l\000e\000a\000k\000a\000g\000e}{section.2.5}% 15
\BOOKMARK [1][-]{section.2.6}{\376\377\000S\000i\000s\000t\000e\000m\000a\000s\000\040\000d\000e\000\040\000a\000p\000o\000y\000o\000\040\000a\000\040\000l\000a\000\040\000d\000e\000c\000i\000s\000i\000\363\000n\000\040\000c\000l\000\355\000n\000i\000c\000a}{chapter.2}% 16
\BOOKMARK [1][-]{section.2.7}{\376\377\000P\000o\000s\000i\000c\000i\000o\000n\000a\000m\000i\000e\000n\000t\000o\000\040\000d\000e\000\040\000e\000s\000t\000e\000\040\000t\000r\000a\000b\000a\000j\000o}{chapter.2}% 17
\BOOKMARK [0][-]{chapter.3}{\376\377\000M\000a\000t\000e\000r\000i\000a\000l\000e\000s\000\040\000y\000\040\000m\000\351\000t\000o\000d\000o\000s}{}% 18
\BOOKMARK [1][-]{section.3.1}{\376\377\000C\000o\000n\000t\000e\000x\000t\000o\000\040\000y\000\040\000p\000u\000n\000t\000o\000\040\000d\000e\000\040\000p\000a\000r\000t\000i\000d\000a}{chapter.3}% 19
\BOOKMARK [1][-]{section.3.2}{\376\377\000D\000a\000t\000o\000s}{chapter.3}% 20
\BOOKMARK [2][-]{subsection.3.2.1}{\376\377\000C\000o\000h\000o\000r\000t\000e\000\040\000T\000A\000R\000C\000C}{section.3.2}% 21
\BOOKMARK [2][-]{subsection.3.2.2}{\376\377\000P\000l\000a\000t\000a\000f\000o\000r\000m\000a\000\040\000a\000n\000a\000l\000\355\000t\000i\000c\000a}{section.3.2}% 22
\BOOKMARK [2][-]{subsection.3.2.3}{\376\377\000C\000o\000n\000s\000t\000r\000u\000c\000c\000i\000\363\000n\000\040\000d\000e\000\040\000l\000a\000\040\000m\000a\000t\000r\000i\000z\000\040\000a\000n\000a\000l\000\355\000t\000i\000c\000a}{section.3.2}% 23
\BOOKMARK [2][-]{subsection.3.2.4}{\376\377\000V\000a\000r\000i\000a\000b\000l\000e\000s\000\040\000d\000e\000l\000\040\000a\000n\000\341\000l\000i\000s\000i\000s}{section.3.2}% 24
\BOOKMARK [2][-]{subsection.3.2.5}{\376\377\000V\000a\000r\000i\000a\000b\000l\000e\000s\000\040\000c\000l\000\355\000n\000i\000c\000a\000s\000\040\000c\000o\000m\000p\000l\000e\000m\000e\000n\000t\000a\000r\000i\000a\000s}{section.3.2}% 25
\BOOKMARK [1][-]{section.3.3}{\376\377\000A\000n\000\341\000l\000i\000s\000i\000s\000\040\000e\000x\000p\000l\000o\000r\000a\000t\000o\000r\000i\000o\000\040\000d\000e\000\040\000d\000a\000t\000o\000s}{chapter.3}% 26
\BOOKMARK [2][-]{subsection.3.3.1}{\376\377\000P\000a\000n\000o\000r\000\341\000m\000i\000c\000a\000\040\000i\000n\000i\000c\000i\000a\000l\000\040\000d\000e\000\040\000l\000a\000\040\000m\000a\000t\000r\000i\000z\000\040\000a\000n\000a\000l\000\355\000t\000i\000c\000a}{section.3.3}% 27
\BOOKMARK [2][-]{subsection.3.3.2}{\376\377\000F\000o\000r\000m\000a\000\040\000d\000e\000\040\000l\000a\000s\000\040\000d\000i\000s\000t\000r\000i\000b\000u\000c\000i\000o\000n\000e\000s\000\040\000y\000\040\000p\000l\000a\000u\000s\000i\000b\000i\000l\000i\000d\000a\000d\000\040\000d\000e\000\040\000u\000n\000\040\000m\000o\000d\000e\000l\000o\000\040\000l\000i\000n\000e\000a\000l}{section.3.3}% 28
\BOOKMARK [2][-]{subsection.3.3.3}{\376\377\000E\000s\000c\000a\000l\000a\000\040\000y\000\040\000d\000i\000s\000p\000e\000r\000s\000i\000\363\000n\000\040\000d\000e\000\040\000l\000a\000s\000\040\000v\000a\000r\000i\000a\000b\000l\000e\000s}{section.3.3}% 29
\BOOKMARK [2][-]{subsection.3.3.4}{\376\377\000V\000a\000l\000o\000r\000e\000s\000\040\000e\000x\000t\000r\000e\000m\000o\000s\000\040\000y\000\040\000d\000e\000c\000i\000s\000i\000\363\000n\000\040\000d\000e\000\040\000w\000i\000n\000s\000o\000r\000i\000z\000a\000r}{section.3.3}% 30
\BOOKMARK [2][-]{subsection.3.3.5}{\376\377\000D\000e\000p\000e\000n\000d\000e\000n\000c\000i\000a\000\040\000e\000n\000t\000r\000e\000\040\000m\000e\000t\000a\000b\000o\000l\000i\000t\000o\000s\000\040\000y\000\040\000r\000i\000e\000s\000g\000o\000\040\000d\000e\000\040\000m\000u\000l\000t\000i\000c\000o\000l\000i\000n\000e\000a\000l\000i\000d\000a\000d}{section.3.3}% 31
\BOOKMARK [2][-]{subsection.3.3.6}{\376\377\000S\000e\000\361\000a\000l\000\040\000u\000n\000i\000v\000a\000r\000i\000a\000n\000t\000e\000\040\000e\000n\000t\000r\000e\000\040\000A\000D\000\040\000y\000\040\000N\000C}{section.3.3}% 32
\BOOKMARK [2][-]{subsection.3.3.7}{\376\377\000T\000a\000m\000a\000\361\000o\000\040\000m\000u\000e\000s\000t\000r\000a\000l\000\040\000y\000\040\000r\000i\000e\000s\000g\000o\000\040\000d\000e\000\040\000s\000o\000b\000r\000e\000a\000j\000u\000s\000t\000e}{section.3.3}% 33
\BOOKMARK [2][-]{subsection.3.3.8}{\376\377\000D\000e\000s\000b\000a\000l\000a\000n\000c\000e\000\040\000d\000e\000\040\000c\000l\000a\000s\000e\000s\000\040\000y\000\040\000e\000l\000e\000c\000c\000i\000\363\000n\000\040\000d\000e\000\040\000l\000a\000\040\000m\000\351\000t\000r\000i\000c\000a}{section.3.3}% 34
\BOOKMARK [2][-]{subsection.3.3.9}{\376\377\000S\000\355\000n\000t\000e\000s\000i\000s\000\040\000o\000p\000e\000r\000a\000t\000i\000v\000a\000\040\000d\000e\000l\000\040\000E\000D\000A}{section.3.3}% 35
\BOOKMARK [1][-]{section.3.4}{\376\377\000H\000i\000p\000\363\000t\000e\000s\000i\000s\000\040\000d\000e\000\040\000t\000r\000a\000b\000a\000j\000o}{chapter.3}% 36
\BOOKMARK [1][-]{section.3.5}{\376\377\000P\000i\000p\000e\000l\000i\000n\000e\000\040\000d\000e\000\040\000a\000n\000\341\000l\000i\000s\000i\000s}{chapter.3}% 37
\BOOKMARK [2][-]{subsection.3.5.1}{\376\377\000P\000r\000e\000v\000e\000n\000c\000i\000\363\000n\000\040\000d\000e\000\040\000d\000a\000t\000a\000\040\000l\000e\000a\000k\000a\000g\000e}{section.3.5}% 38
\BOOKMARK [2][-]{subsection.3.5.2}{\376\377\000E\000s\000q\000u\000e\000m\000a\000\040\000d\000e\000\040\000v\000a\000l\000i\000d\000a\000c\000i\000\363\000n\000\040\000p\000a\000r\000a\000\040\000d\000e\000s\000a\000r\000r\000o\000l\000l\000o}{section.3.5}% 39
\BOOKMARK [1][-]{section.3.6}{\376\377\000S\000e\000l\000e\000c\000c\000i\000\363\000n\000\040\000d\000e\000l\000\040\000t\000i\000p\000o\000\040\000d\000e\000\040\000m\000o\000d\000e\000l\000o}{chapter.3}% 40
\BOOKMARK [2][-]{subsection.3.6.1}{\376\377\000F\000a\000m\000i\000l\000i\000a\000\040\000l\000i\000n\000e\000a\000l\000:\000\040\000r\000e\000g\000r\000e\000s\000i\000\363\000n\000\040\000l\000o\000g\000\355\000s\000t\000i\000c\000a\000\040\000y\000\040\000S\000V\000M\000\040\000l\000i\000n\000e\000a\000l}{section.3.6}% 41
\BOOKMARK [2][-]{subsection.3.6.2}{\376\377\000F\000a\000m\000i\000l\000i\000a\000\040\000b\000a\000s\000a\000d\000a\000\040\000e\000n\000\040\000v\000e\000c\000i\000n\000d\000a\000d\000:\000\040\000K\000N\000N}{section.3.6}% 42
\BOOKMARK [2][-]{subsection.3.6.3}{\376\377\000F\000a\000m\000i\000l\000i\000a\000s\000\040\000n\000o\000\040\000l\000i\000n\000e\000a\000l\000e\000s\000\040\000d\000e\000\040\000a\000l\000t\000a\000\040\000c\000a\000p\000a\000c\000i\000d\000a\000d}{section.3.6}% 43
\BOOKMARK [2][-]{subsection.3.6.4}{\376\377\000S\000\355\000n\000t\000e\000s\000i\000s\000\040\000d\000e\000\040\000l\000a\000\040\000c\000o\000m\000p\000a\000r\000a\000c\000i\000\363\000n\000\040\000y\000\040\000e\000l\000e\000c\000c\000i\000\363\000n\000\040\000d\000e\000l\000\040\000c\000l\000a\000s\000i\000f\000i\000c\000a\000d\000o\000r}{section.3.6}% 44
\BOOKMARK [1][-]{section.3.7}{\376\377\000S\000e\000l\000e\000c\000c\000i\000\363\000n\000\040\000d\000e\000\040\000v\000a\000r\000i\000a\000b\000l\000e\000s}{chapter.3}% 45
\BOOKMARK [2][-]{subsection.3.7.1}{\376\377\000L\000\363\000g\000i\000c\000a\000\040\000d\000e\000\040\000l\000a\000\040\000s\000e\000l\000e\000c\000c\000i\000\363\000n\000:\000\040\000r\000o\000b\000u\000s\000t\000e\000z\000\040\000p\000r\000i\000m\000e\000r\000o\000,\000\040\000r\000e\000c\000u\000p\000e\000r\000a\000c\000i\000\363\000n\000\040\000d\000e\000s\000p\000u\000\351\000s}{section.3.7}% 46
\BOOKMARK [2][-]{subsection.3.7.2}{\376\377\000S\000t\000a\000b\000i\000l\000i\000t\000y\000\040\000s\000e\000l\000e\000c\000t\000i\000o\000n\000\040\000c\000o\000m\000o\000\040\000c\000r\000i\000b\000a\000d\000o\000\040\000r\000o\000b\000u\000s\000t\000o}{section.3.7}% 47
\BOOKMARK [2][-]{subsection.3.7.3}{\376\377\000F\000o\000r\000w\000a\000r\000d\000\040\000s\000e\000l\000e\000c\000t\000i\000o\000n\000\040\000p\000a\000r\000a\000\040\000r\000e\000c\000u\000p\000e\000r\000a\000r\000\040\000s\000e\000\361\000a\000l\000\040\000c\000o\000m\000p\000l\000e\000m\000e\000n\000t\000a\000r\000i\000a}{section.3.7}% 48
\BOOKMARK [2][-]{subsection.3.7.4}{\376\377\000L\000e\000c\000t\000u\000r\000a\000\040\000c\000o\000n\000j\000u\000n\000t\000a\000\040\000d\000e\000\040\000a\000m\000b\000a\000s\000\040\000f\000a\000s\000e\000s}{section.3.7}% 49
\BOOKMARK [1][-]{section.3.8}{\376\377\000I\000n\000g\000e\000n\000i\000e\000r\000\355\000a\000\040\000d\000e\000\040\000f\000e\000a\000t\000u\000r\000e\000s}{chapter.3}% 50
\BOOKMARK [2][-]{subsection.3.8.1}{\376\377\000C\000r\000i\000t\000e\000r\000i\000o\000\040\000d\000u\000a\000l\000\040\000d\000e\000\040\000s\000e\000l\000e\000c\000c\000i\000\363\000n}{section.3.8}% 51
\BOOKMARK [2][-]{subsection.3.8.2}{\376\377\000F\000e\000a\000t\000u\000r\000e\000s\000\040\000c\000o\000n\000s\000t\000r\000u\000i\000d\000a\000s}{section.3.8}% 52
\BOOKMARK [2][-]{subsection.3.8.3}{\376\377\000I\000n\000c\000o\000r\000p\000o\000r\000a\000c\000i\000\363\000n\000\040\000p\000r\000o\000g\000r\000e\000s\000i\000v\000a\000\040\000y\000\040\000v\000a\000l\000i\000d\000a\000c\000i\000\363\000n}{section.3.8}% 53
\BOOKMARK [2][-]{subsection.3.8.4}{\376\377\000R\000e\000s\000e\000l\000e\000c\000c\000i\000\363\000n\000\040\000y\000\040\000d\000e\000p\000u\000r\000a\000c\000i\000\363\000n\000\040\000t\000r\000a\000s\000\040\000l\000a\000\040\000i\000n\000g\000e\000n\000i\000e\000r\000\355\000a}{section.3.8}% 54
\BOOKMARK [2][-]{subsection.3.8.5}{\376\377\000\277\000P\000o\000r\000\040\000q\000u\000\351\000\040\000l\000a\000s\000\040\000f\000e\000a\000t\000u\000r\000e\000s\000\040\000n\000o\000\040\000s\000u\000s\000t\000i\000t\000u\000y\000e\000n\000\040\000a\000\040\000l\000a\000s\000\040\000b\000a\000s\000e\000s\000?}{section.3.8}% 55
\BOOKMARK [1][-]{section.3.9}{\376\377\000E\000s\000p\000e\000c\000i\000f\000i\000c\000a\000c\000i\000\363\000n\000\040\000d\000e\000l\000\040\000c\000l\000a\000s\000i\000f\000i\000c\000a\000d\000o\000r\000\040\000b\000i\000n\000a\000r\000i\000o}{chapter.3}% 56
\BOOKMARK [2][-]{subsection.3.9.1}{\376\377\000F\000o\000r\000m\000a\000\040\000f\000u\000n\000c\000i\000o\000n\000a\000l\000\040\000d\000e\000l\000\040\000c\000l\000a\000s\000i\000f\000i\000c\000a\000d\000o\000r\000\040\000b\000i\000n\000a\000r\000i\000o}{section.3.9}% 57
\BOOKMARK [2][-]{subsection.3.9.2}{\376\377\000A\000j\000u\000s\000t\000e\000\040\000d\000e\000\040\000l\000a\000\040\000r\000e\000g\000u\000l\000a\000r\000i\000z\000a\000c\000i\000\363\000n}{section.3.9}% 58
\BOOKMARK [1][-]{section.3.10}{\376\377\000V\000a\000l\000i\000d\000a\000c\000i\000\363\000n\000\040\000d\000e\000l\000\040\000c\000l\000a\000s\000i\000f\000i\000c\000a\000d\000o\000r\000\040\000b\000i\000n\000a\000r\000i\000o}{chapter.3}% 59
\BOOKMARK [2][-]{subsection.3.10.1}{\376\377\000L\000O\000O\000-\000C\000V\000\040\000c\000o\000m\000o\000\040\000v\000a\000l\000i\000d\000a\000c\000i\000\363\000n\000\040\000p\000r\000i\000m\000a\000r\000i\000a}{section.3.10}% 60
\BOOKMARK [2][-]{subsection.3.10.2}{\376\377\000C\000o\000n\000s\000i\000s\000t\000e\000n\000c\000i\000a\000\040\000e\000n\000t\000r\000e\000\040\000e\000s\000q\000u\000e\000m\000a\000s\000\040\000d\000e\000\040\000r\000e\000m\000u\000e\000s\000t\000r\000e\000o}{section.3.10}% 61
\BOOKMARK [2][-]{subsection.3.10.3}{\376\377\000C\000o\000n\000t\000r\000o\000l\000\040\000d\000e\000l\000\040\000o\000p\000t\000i\000m\000i\000s\000m\000o\000\040\000y\000\040\000e\000s\000t\000a\000b\000i\000l\000i\000d\000a\000d\000\040\000p\000a\000r\000a\000m\000\351\000t\000r\000i\000c\000a}{section.3.10}% 62
\BOOKMARK [2][-]{subsection.3.10.4}{\376\377\000C\000a\000l\000i\000b\000r\000a\000c\000i\000\363\000n\000\040\000d\000e\000\040\000p\000r\000o\000b\000a\000b\000i\000l\000i\000d\000a\000d\000e\000s}{section.3.10}% 63
\BOOKMARK [2][-]{subsection.3.10.5}{\376\377\000R\000o\000b\000u\000s\000t\000e\000z\000\040\000c\000l\000\355\000n\000i\000c\000a\000\040\000y\000\040\000s\000u\000f\000i\000c\000i\000e\000n\000c\000i\000a\000\040\000m\000u\000e\000s\000t\000r\000a\000l}{section.3.10}% 64
\BOOKMARK [1][-]{section.3.11}{\376\377\000D\000i\000s\000e\000\361\000o\000\040\000d\000e\000l\000\040\000s\000i\000s\000t\000e\000m\000a\000\040\000d\000e\000\040\000d\000o\000s\000\040\000e\000t\000a\000p\000a\000s\000\040\000c\000o\000n\000\040\000a\000c\000t\000i\000v\000a\000c\000i\000\363\000n\000\040\000c\000o\000n\000d\000i\000c\000i\000o\000n\000a\000l}{chapter.3}% 65
\BOOKMARK [2][-]{subsection.3.11.1}{\376\377\000M\000o\000t\000i\000v\000a\000c\000i\000\363\000n\000\040\000y\000\040\000c\000a\000m\000b\000i\000o\000\040\000d\000e\000\040\000f\000o\000r\000m\000u\000l\000a\000c\000i\000\363\000n}{section.3.11}% 66
\BOOKMARK [2][-]{subsection.3.11.2}{\376\377\000S\000t\000a\000g\000e\000\040\0001\000:\000\040\000a\000p\000r\000e\000n\000d\000i\000z\000a\000j\000e\000\040\000d\000e\000\040\000u\000m\000b\000r\000a\000l\000e\000s\000\040\000d\000e\000\040\000c\000o\000n\000f\000i\000a\000n\000z\000a}{section.3.11}% 67
\BOOKMARK [2][-]{subsection.3.11.3}{\376\377\000E\000D\000A\000\040\000m\000\355\000n\000i\000m\000o\000\040\000d\000e\000l\000\040\000b\000l\000o\000q\000u\000e\000\040\000c\000l\000\355\000n\000i\000c\000o\000\040\000c\000a\000n\000d\000i\000d\000a\000t\000o}{section.3.11}% 68
\BOOKMARK [2][-]{subsection.3.11.4}{\376\377\000C\000o\000n\000s\000t\000r\000u\000c\000c\000i\000\363\000n\000\040\000y\000\040\000c\000o\000d\000i\000f\000i\000c\000a\000c\000i\000\363\000n\000\040\000d\000e\000\040\000l\000a\000\040\000e\000n\000t\000r\000a\000d\000a\000\040\000c\000l\000\355\000n\000i\000c\000a}{section.3.11}% 69
\BOOKMARK [2][-]{subsection.3.11.5}{\376\377\000E\000s\000p\000e\000c\000i\000f\000i\000c\000a\000c\000i\000\363\000n\000\040\000m\000e\000t\000o\000d\000o\000l\000\363\000g\000i\000c\000a\000\040\000d\000e\000l\000\040\000S\000t\000a\000g\000e\000\040\0002}{section.3.11}% 70
\BOOKMARK [2][-]{subsection.3.11.6}{\376\377\000P\000r\000o\000t\000o\000c\000o\000l\000o\000\040\000d\000e\000\040\000e\000v\000a\000l\000u\000a\000c\000i\000\363\000n\000\040\000d\000e\000l\000\040\000s\000i\000s\000t\000e\000m\000a\000\040\000c\000o\000m\000p\000l\000e\000t\000o}{section.3.11}% 71
\BOOKMARK [2][-]{subsection.3.11.7}{\376\377\000A\000l\000t\000e\000r\000n\000a\000t\000i\000v\000a\000s\000\040\000e\000x\000p\000l\000o\000r\000a\000d\000a\000s\000\040\000y\000\040\000c\000r\000i\000t\000e\000r\000i\000o\000\040\000d\000e\000\040\000d\000e\000s\000c\000a\000r\000t\000e}{section.3.11}% 72
\BOOKMARK [1][-]{section.3.12}{\376\377\000E\000n\000t\000o\000r\000n\000o\000\040\000c\000o\000m\000p\000u\000t\000a\000c\000i\000o\000n\000a\000l}{chapter.3}% 73
\BOOKMARK [2][-]{subsection.3.12.1}{\376\377\000A\000p\000l\000i\000c\000a\000c\000i\000\363\000n\000\040\000i\000n\000t\000e\000r\000a\000c\000t\000i\000v\000a\000\040\000e\000n\000\040\000S\000t\000r\000e\000a\000m\000l\000i\000t}{section.3.12}% 74
\BOOKMARK [0][-]{chapter.4}{\376\377\000R\000e\000s\000u\000l\000t\000a\000d\000o\000s}{}% 75
\BOOKMARK [1][-]{section.4.1}{\376\377\000E\000D\000A\000:\000\040\000s\000e\000\361\000a\000l\000\040\000r\000e\000a\000l\000,\000\040\000p\000e\000r\000o\000\040\000d\000i\000s\000t\000r\000i\000b\000u\000i\000d\000a\000\040\000y\000\040\000c\000o\000n\000\040\000s\000o\000l\000a\000p\000a\000m\000i\000e\000n\000t\000o}{chapter.4}% 76
\BOOKMARK [1][-]{section.4.2}{\376\377\000C\000o\000m\000p\000a\000r\000a\000c\000i\000\363\000n\000\040\000i\000n\000i\000c\000i\000a\000l\000\040\000e\000n\000t\000r\000e\000\040\000f\000a\000m\000i\000l\000i\000a\000s\000\040\000d\000e\000\040\000m\000o\000d\000e\000l\000o\000s}{chapter.4}% 77
\BOOKMARK [1][-]{section.4.3}{\376\377\000S\000e\000l\000e\000c\000c\000i\000\363\000n\000\040\000d\000e\000\040\000v\000a\000r\000i\000a\000b\000l\000e\000s\000\040\000y\000\040\000c\000o\000n\000s\000t\000r\000u\000c\000c\000i\000\363\000n\000\040\000d\000e\000l\000\040\000m\000o\000d\000e\000l\000o\000\040\000b\000i\000n\000a\000r\000i\000o\000\040\000b\000a\000s\000e}{chapter.4}% 78
\BOOKMARK [1][-]{section.4.4}{\376\377\000R\000e\000n\000d\000i\000m\000i\000e\000n\000t\000o\000\040\000d\000e\000l\000\040\000c\000l\000a\000s\000i\000f\000i\000c\000a\000d\000o\000r\000\040\000b\000i\000n\000a\000r\000i\000o\000\040\000b\000a\000s\000e}{chapter.4}% 79
\BOOKMARK [1][-]{section.4.5}{\376\377\000A\000n\000\341\000l\000i\000s\000i\000s\000\040\000d\000e\000\040\000e\000r\000r\000o\000r\000e\000s\000\040\000y\000\040\000l\000\355\000m\000i\000t\000e\000s\000\040\000d\000e\000\040\000l\000a\000\040\000f\000o\000r\000m\000u\000l\000a\000c\000i\000\363\000n\000\040\000b\000i\000n\000a\000r\000i\000a}{chapter.4}% 80
\BOOKMARK [1][-]{section.4.6}{\376\377\000D\000e\000\040\000c\000l\000a\000s\000i\000f\000i\000c\000a\000c\000i\000\363\000n\000\040\000a\000\040\000t\000r\000i\000a\000j\000e\000:\000\040\000u\000n\000\040\000s\000i\000s\000t\000e\000m\000a\000\040\000d\000e\000\040\000d\000o\000s\000\040\000e\000t\000a\000p\000a\000s\000\040\000c\000o\000n\000\040\000a\000c\000t\000i\000v\000a\000c\000i\000\363\000n\000\040\000c\000o\000n\000d\000i\000c\000i\000o\000n\000a\000l}{chapter.4}% 81
\BOOKMARK [2][-]{subsection.4.6.1}{\376\377\000S\000e\000n\000s\000i\000b\000i\000l\000i\000d\000a\000d\000\040\000a\000\040\000l\000a\000\040\000t\000o\000l\000e\000r\000a\000n\000c\000i\000a\000\040\000d\000e\000\040\000e\000r\000r\000o\000r\000e\000s\000\040\000e\000x\000t\000r\000e\000m\000o\000s}{section.4.6}% 82
\BOOKMARK [2][-]{subsection.4.6.2}{\376\377\000V\000a\000r\000i\000a\000b\000l\000e\000s\000\040\000c\000l\000\355\000n\000i\000c\000a\000s\000\040\000d\000e\000l\000\040\000S\000t\000a\000g\000e\000\040\0002}{section.4.6}% 83
\BOOKMARK [2][-]{subsection.4.6.3}{\376\377\000A\000j\000u\000s\000t\000e\000\040\000d\000e\000l\000\040\000s\000e\000g\000u\000n\000d\000o\000\040\000e\000s\000c\000a\000l\000\363\000n}{section.4.6}% 84
\BOOKMARK [2][-]{subsection.4.6.4}{\376\377\000C\000o\000m\000p\000a\000r\000a\000c\000i\000\363\000n\000\040\000c\000o\000n\000\040\000u\000n\000\040\000m\000o\000d\000e\000l\000o\000\040\000m\000o\000n\000o\000l\000\355\000t\000i\000c\000o\000\040\000d\000e\000\040\000i\000n\000f\000o\000r\000m\000a\000c\000i\000\363\000n\000\040\000t\000o\000t\000a\000l}{section.4.6}% 85
\BOOKMARK [1][-]{section.4.7}{\376\377\000R\000e\000n\000d\000i\000m\000i\000e\000n\000t\000o\000\040\000d\000e\000l\000\040\000s\000i\000s\000t\000e\000m\000a\000\040\000f\000i\000n\000a\000l\000\040\000y\000\040\000u\000t\000i\000l\000i\000d\000a\000d\000\040\000c\000l\000\355\000n\000i\000c\000a}{chapter.4}% 86
\BOOKMARK [1][-]{section.4.8}{\376\377\000R\000o\000b\000u\000s\000t\000e\000z\000\040\000y\000\040\000a\000l\000t\000e\000r\000n\000a\000t\000i\000v\000a\000s\000\040\000d\000e\000s\000c\000a\000r\000t\000a\000d\000a\000s}{chapter.4}% 87
\BOOKMARK [1][-]{section.4.9}{\376\377\000P\000r\000o\000y\000e\000c\000c\000i\000\363\000n\000\040\000c\000l\000\355\000n\000i\000c\000a\000\040\000s\000i\000m\000p\000l\000i\000f\000i\000c\000a\000d\000a\000\040\000d\000e\000l\000\040\000r\000e\000n\000d\000i\000m\000i\000e\000n\000t\000o\000\040\000g\000l\000o\000b\000a\000l}{chapter.4}% 88
\BOOKMARK [1][-]{section.4.10}{\376\377\000I\000n\000t\000e\000r\000p\000r\000e\000t\000a\000b\000i\000l\000i\000d\000a\000d\000\040\000c\000l\000\355\000n\000i\000c\000a\000\040\000y\000\040\000b\000i\000o\000l\000\363\000g\000i\000c\000a}{chapter.4}% 89
\BOOKMARK [0][-]{chapter.5}{\376\377\000C\000o\000n\000c\000l\000u\000s\000i\000o\000n\000e\000s\000\040\000y\000\040\000t\000r\000a\000b\000a\000j\000o\000s\000\040\000f\000u\000t\000u\000r\000o\000s}{}% 90
\BOOKMARK [1][-]{section.5.1}{\376\377\000C\000o\000n\000c\000l\000u\000s\000i\000o\000n\000e\000s}{chapter.5}% 91
\BOOKMARK [1][-]{section.5.2}{\376\377\000L\000i\000m\000i\000t\000a\000c\000i\000o\000n\000e\000s}{chapter.5}% 92
\BOOKMARK [1][-]{section.5.3}{\376\377\000L\000\355\000n\000e\000a\000s\000\040\000d\000e\000\040\000t\000r\000a\000b\000a\000j\000o\000\040\000f\000u\000t\000u\000r\000o}{chapter.5}% 93
\BOOKMARK [0][-]{chapter*.54}{\376\377\000B\000i\000b\000l\000i\000o\000g\000r\000a\000f\000\355\000a\000\040\000y\000\040\000r\000e\000f\000e\000r\000e\000n\000c\000i\000a\000s}{}% 94
\BOOKMARK [0][-]{chapter.A}{\376\377\000P\000a\000n\000e\000l\000\040\000d\000e\000\040\000m\000e\000t\000a\000b\000o\000l\000i\000t\000o\000s\000\040\000s\000e\000l\000e\000c\000c\000i\000o\000n\000a\000d\000o\000s}{}% 95
\BOOKMARK [1][-]{section.A.1}{\376\377\000M\000e\000t\000a\000b\000o\000l\000i\000t\000o\000s\000\040\000b\000a\000s\000e}{chapter.A}% 96
\BOOKMARK [1][-]{section.A.2}{\376\377\000F\000e\000a\000t\000u\000r\000e\000s\000\040\000i\000n\000g\000e\000n\000i\000e\000r\000i\000z\000a\000d\000a\000s}{chapter.A}% 97
\BOOKMARK [0][-]{chapter.B}{\376\377\000R\000e\000p\000o\000s\000i\000t\000o\000r\000i\000o\000\040\000d\000e\000\040\000c\000\363\000d\000i\000g\000o}{}% 98
